0 info it worked if it ends with ok
1 verbose cli [ '/usr/local/bin/node',
1 verbose cli   '/usr/local/bin/npm',
1 verbose cli   'run-script',
1 verbose cli   'build' ]
2 info using npm@3.3.12
3 info using node@v5.3.0
4 verbose run-script [ 'prebuild', 'build', 'postbuild' ]
5 info lifecycle db4all@~prebuild: db4all@
6 silly lifecycle db4all@~prebuild: no script for prebuild, continuing
7 info lifecycle db4all@~build: db4all@
8 verbose lifecycle db4all@~build: unsafe-perm in lifecycle true
9 verbose lifecycle db4all@~build: PATH: /usr/local/lib/node_modules/npm/bin/node-gyp-bin:/Users/mathias/Work/workspace/db4all/db4all-web/node_modules/.bin:/Users/mathias/.dnx/runtimes/dnx-mono.1.0.0-rc2-20221/bin:/Users/mathias/Work/tools/apache-hive-1.2.1-bin/bin:/Users/mathias/Work/tools/hadoop-2.7.3/bin:/Users/mathias/anaconda/bin:/Users/mathias/.dnx/bin:/Users/mathias/Work/tools/apache-maven-3.3.9/bin:/opt/local/bin:/opt/local/sbin:/Library/Java/JavaVirtualMachines/jdk1.8.0_25.jdk/Contents/Home/bin:/usr/local/bin:/usr/bin:/bin:/usr/sbin:/sbin:/usr/local/go/bin:/usr/local/share/dotnet:/opt/X11/bin:/Applications/Wireshark.app/Contents/MacOS:/usr/local/git/bin:/Users/mathias/.rvm/bin
10 verbose lifecycle db4all@~build: CWD: /Users/mathias/Work/workspace/db4all/db4all-web
11 silly lifecycle db4all@~build: Args: [ '-c', 'gulp' ]
12 silly lifecycle db4all@~build: Returned: code: 1  signal: null
13 info lifecycle db4all@~build: Failed to exec build script
14 verbose stack Error: db4all@ build: `gulp`
14 verbose stack Exit status 1
14 verbose stack     at EventEmitter.<anonymous> (/usr/local/lib/node_modules/npm/lib/utils/lifecycle.js:232:16)
14 verbose stack     at emitTwo (events.js:87:13)
14 verbose stack     at EventEmitter.emit (events.js:172:7)
14 verbose stack     at ChildProcess.<anonymous> (/usr/local/lib/node_modules/npm/lib/utils/spawn.js:24:14)
14 verbose stack     at emitTwo (events.js:87:13)
14 verbose stack     at ChildProcess.emit (events.js:172:7)
14 verbose stack     at maybeClose (internal/child_process.js:818:16)
14 verbose stack     at Process.ChildProcess._handle.onexit (internal/child_process.js:211:5)
15 verbose pkgid db4all@
16 verbose cwd /Users/mathias/Work/workspace/db4all/db4all-web
17 error Darwin 17.0.0
18 error argv "/usr/local/bin/node" "/usr/local/bin/npm" "run-script" "build"
19 error node v5.3.0
20 error npm  v3.3.12
21 error code ELIFECYCLE
22 error db4all@ build: `gulp`
22 error Exit status 1
23 error Failed at the db4all@ build script 'gulp'.
23 error Make sure you have the latest version of node.js and npm installed.
23 error If you do, this is most likely a problem with the db4all package,
23 error not with npm itself.
23 error Tell the author that this fails on your system:
23 error     gulp
23 error You can get their info via:
23 error     npm owner ls db4all
23 error There is likely additional logging output above.
24 verbose exit [ 1, true ]
